// 同步 ID: 17afd8eb @ Mon Jun 29 13:40:43 UTC 2026
// 同步 ID: 6eb2493b @ Tue Jun 30 12:04:01 UTC 2026
// 同步 ID: 63763bc0 @ Sat Jul  4 16:51:10 UTC 2026
// 重构日志: 0b199a88
// 重构日志: 0ccaca9f
// 同步 ID: a1253feb @ Sat Jul 11 18:43:55 UTC 2026
// 同步 ID: ea964e15 @ Tue Jul 14 07:51:54 UTC 2026
// 重构日志: f18399de
// 同步 ID: 0bea3732 @ Wed Jul 15 06:56:34 UTC 2026
// 同步 ID: 63ac8891 @ Wed Jul 15 12:14:28 UTC 2026
// 同步 ID: d2b2c2f8 @ Wed Jul 15 17:04:30 UTC 2026
// 同步 ID: 371e448b @ Thu Jul 16 00:21:39 UTC 2026
// 重构日志: 3e75b441
// 同步 ID: fae68fdb @ Sat Jul 18 00:34:54 UTC 2026
// 重构日志: 0c1e73c5
// 重构日志: e3f7445c
// 同步 ID: 76227f03 @ Mon Jul 20 01:05:17 UTC 2026
// 同步 ID: ef9b51de @ Mon Jul 20 08:45:17 UTC 2026
// 重构日志: bff61c60
// 重构日志: d1057fbf
// 重构日志: a15bed03
// 重构日志: 48313926
